[19-Feb-2022 06:54:09 America/Bogota] PHP Warning:  require_once(vendor/autoload.php): failed to open stream: No such file or directory in /var/www/html/config/bootstrap.php on line 5
[19-Feb-2022 06:54:09 America/Bogota] PHP Fatal error:  require_once(): Failed opening required 'vendor/autoload.php' (include_path='.:/usr/local/lib/php') in /var/www/html/config/bootstrap.php on line 5
[19-Feb-2022 06:56:12 America/Bogota] PHP Warning:  require_once(vendor/autoload.php): failed to open stream: No such file or directory in /var/www/html/config/bootstrap.php on line 5
[19-Feb-2022 06:56:12 America/Bogota] PHP Fatal error:  require_once(): Failed opening required 'vendor/autoload.php' (include_path='.:/usr/local/lib/php') in /var/www/html/config/bootstrap.php on line 5
[19-Feb-2022 06:57:06 America/Bogota] PHP Warning:  require_once(/var/www/html/config/vendor/autoload.php): failed to open stream: No such file or directory in /var/www/html/config/bootstrap.php on line 7
[19-Feb-2022 06:57:06 America/Bogota] PHP Fatal error:  require_once(): Failed opening required '/var/www/html/config/vendor/autoload.php' (include_path='.:/usr/local/lib/php') in /var/www/html/config/bootstrap.php on line 7
[19-Feb-2022 06:57:23 America/Bogota] PHP Fatal error:  Composer detected issues in your platform: Your Composer dependencies require a PHP version ">= 8.0.2". You are running 7.3.33. in /var/www/html/vendor/composer/platform_check.php on line 24
[19-Feb-2022 06:57:38 America/Bogota] PHP Fatal error:  Composer detected issues in your platform: Your Composer dependencies require a PHP version ">= 8.0.2". You are running 7.3.33. in /var/www/html/vendor/composer/platform_check.php on line 24
[19-Feb-2022 06:58:56 America/Bogota] PHP Warning:  require_once(../vendor/autoload.php): failed to open stream: No such file or directory in /var/www/html/config/bootstrap.php on line 5
[19-Feb-2022 06:58:56 America/Bogota] PHP Fatal error:  require_once(): Failed opening required '../vendor/autoload.php' (include_path='.:/usr/local/lib/php') in /var/www/html/config/bootstrap.php on line 5
[19-Feb-2022 06:59:04 America/Bogota] PHP Warning:  require_once(../vendor/autoload.php): failed to open stream: No such file or directory in /var/www/html/config/bootstrap.php on line 5
[19-Feb-2022 06:59:04 America/Bogota] PHP Fatal error:  require_once(): Failed opening required '../vendor/autoload.php' (include_path='.:/usr/local/lib/php') in /var/www/html/config/bootstrap.php on line 5
[19-Feb-2022 06:59:08 America/Bogota] PHP Warning:  require_once(../vendor/autoload.php): failed to open stream: No such file or directory in /var/www/html/config/bootstrap.php on line 5
[19-Feb-2022 06:59:08 America/Bogota] PHP Fatal error:  require_once(): Failed opening required '../vendor/autoload.php' (include_path='.:/usr/local/lib/php') in /var/www/html/config/bootstrap.php on line 5
[19-Feb-2022 06:59:31 America/Bogota] PHP Warning:  require_once(vendor/autoload.php): failed to open stream: No such file or directory in /var/www/html/config/bootstrap.php on line 5
[19-Feb-2022 06:59:31 America/Bogota] PHP Fatal error:  require_once(): Failed opening required 'vendor/autoload.php' (include_path='.:/usr/local/lib/php') in /var/www/html/config/bootstrap.php on line 5
[19-Feb-2022 07:00:29 America/Bogota] PHP Warning:  require_once(vendor/autoload.php): failed to open stream: No such file or directory in /var/www/html/config/bootstrap.php on line 5
[19-Feb-2022 07:00:29 America/Bogota] PHP Fatal error:  require_once(): Failed opening required 'vendor/autoload.php' (include_path='.:/usr/local/lib/php') in /var/www/html/config/bootstrap.php on line 5
[19-Feb-2022 07:00:38 America/Bogota] PHP Warning:  include(vendor/autoload.php): failed to open stream: No such file or directory in /var/www/html/config/bootstrap.php on line 5
[19-Feb-2022 07:00:38 America/Bogota] PHP Warning:  include(): Failed opening 'vendor/autoload.php' for inclusion (include_path='.:/usr/local/lib/php') in /var/www/html/config/bootstrap.php on line 5
[19-Feb-2022 07:00:38 America/Bogota] PHP Fatal error:  Uncaught Error: Class 'Doctrine\ORM\Tools\Setup' not found in /var/www/html/config/bootstrap.php:8
Stack trace:
#0 /var/www/html/api/user/check.php(3): require_once()
#1 {main}
  thrown in /var/www/html/config/bootstrap.php on line 8
[19-Feb-2022 07:00:56 America/Bogota] PHP Warning:  require_once(../vendor/autoload.php): failed to open stream: No such file or directory in /var/www/html/config/bootstrap.php on line 5
[19-Feb-2022 07:00:56 America/Bogota] PHP Fatal error:  require_once(): Failed opening required '../vendor/autoload.php' (include_path='.:/usr/local/lib/php') in /var/www/html/config/bootstrap.php on line 5
[19-Feb-2022 07:00:56 America/Bogota] PHP Warning:  require_once(../vendor/autoload.php): failed to open stream: No such file or directory in /var/www/html/config/bootstrap.php on line 5
[19-Feb-2022 07:00:56 America/Bogota] PHP Fatal error:  require_once(): Failed opening required '../vendor/autoload.php' (include_path='.:/usr/local/lib/php') in /var/www/html/config/bootstrap.php on line 5
[19-Feb-2022 07:00:56 America/Bogota] PHP Warning:  require_once(../vendor/autoload.php): failed to open stream: No such file or directory in /var/www/html/config/bootstrap.php on line 5
[19-Feb-2022 07:00:56 America/Bogota] PHP Fatal error:  require_once(): Failed opening required '../vendor/autoload.php' (include_path='.:/usr/local/lib/php') in /var/www/html/config/bootstrap.php on line 5
[19-Feb-2022 07:00:57 America/Bogota] PHP Warning:  require_once(../vendor/autoload.php): failed to open stream: No such file or directory in /var/www/html/config/bootstrap.php on line 5
[19-Feb-2022 07:00:57 America/Bogota] PHP Fatal error:  require_once(): Failed opening required '../vendor/autoload.php' (include_path='.:/usr/local/lib/php') in /var/www/html/config/bootstrap.php on line 5
[19-Feb-2022 07:00:57 America/Bogota] PHP Warning:  require_once(../vendor/autoload.php): failed to open stream: No such file or directory in /var/www/html/config/bootstrap.php on line 5
[19-Feb-2022 07:00:57 America/Bogota] PHP Fatal error:  require_once(): Failed opening required '../vendor/autoload.php' (include_path='.:/usr/local/lib/php') in /var/www/html/config/bootstrap.php on line 5
[19-Feb-2022 07:00:57 America/Bogota] PHP Warning:  require_once(../vendor/autoload.php): failed to open stream: No such file or directory in /var/www/html/config/bootstrap.php on line 5
[19-Feb-2022 07:00:57 America/Bogota] PHP Fatal error:  require_once(): Failed opening required '../vendor/autoload.php' (include_path='.:/usr/local/lib/php') in /var/www/html/config/bootstrap.php on line 5
[19-Feb-2022 07:00:57 America/Bogota] PHP Warning:  require_once(../vendor/autoload.php): failed to open stream: No such file or directory in /var/www/html/config/bootstrap.php on line 5
[19-Feb-2022 07:00:57 America/Bogota] PHP Fatal error:  require_once(): Failed opening required '../vendor/autoload.php' (include_path='.:/usr/local/lib/php') in /var/www/html/config/bootstrap.php on line 5
[19-Feb-2022 07:00:57 America/Bogota] PHP Warning:  require_once(../vendor/autoload.php): failed to open stream: No such file or directory in /var/www/html/config/bootstrap.php on line 5
[19-Feb-2022 07:00:57 America/Bogota] PHP Fatal error:  require_once(): Failed opening required '../vendor/autoload.php' (include_path='.:/usr/local/lib/php') in /var/www/html/config/bootstrap.php on line 5
[19-Feb-2022 07:00:58 America/Bogota] PHP Warning:  require_once(../vendor/autoload.php): failed to open stream: No such file or directory in /var/www/html/config/bootstrap.php on line 5
[19-Feb-2022 07:00:58 America/Bogota] PHP Fatal error:  require_once(): Failed opening required '../vendor/autoload.php' (include_path='.:/usr/local/lib/php') in /var/www/html/config/bootstrap.php on line 5
[19-Feb-2022 07:00:58 America/Bogota] PHP Warning:  require_once(../vendor/autoload.php): failed to open stream: No such file or directory in /var/www/html/config/bootstrap.php on line 5
[19-Feb-2022 07:00:58 America/Bogota] PHP Fatal error:  require_once(): Failed opening required '../vendor/autoload.php' (include_path='.:/usr/local/lib/php') in /var/www/html/config/bootstrap.php on line 5
[19-Feb-2022 07:00:58 America/Bogota] PHP Warning:  require_once(../vendor/autoload.php): failed to open stream: No such file or directory in /var/www/html/config/bootstrap.php on line 5
[19-Feb-2022 07:00:58 America/Bogota] PHP Fatal error:  require_once(): Failed opening required '../vendor/autoload.php' (include_path='.:/usr/local/lib/php') in /var/www/html/config/bootstrap.php on line 5
[19-Feb-2022 07:00:58 America/Bogota] PHP Warning:  require_once(../vendor/autoload.php): failed to open stream: No such file or directory in /var/www/html/config/bootstrap.php on line 5
[19-Feb-2022 07:00:58 America/Bogota] PHP Fatal error:  require_once(): Failed opening required '../vendor/autoload.php' (include_path='.:/usr/local/lib/php') in /var/www/html/config/bootstrap.php on line 5
[19-Feb-2022 07:00:58 America/Bogota] PHP Warning:  require_once(../vendor/autoload.php): failed to open stream: No such file or directory in /var/www/html/config/bootstrap.php on line 5
[19-Feb-2022 07:00:58 America/Bogota] PHP Fatal error:  require_once(): Failed opening required '../vendor/autoload.php' (include_path='.:/usr/local/lib/php') in /var/www/html/config/bootstrap.php on line 5
[19-Feb-2022 07:00:59 America/Bogota] PHP Warning:  require_once(../vendor/autoload.php): failed to open stream: No such file or directory in /var/www/html/config/bootstrap.php on line 5
[19-Feb-2022 07:00:59 America/Bogota] PHP Fatal error:  require_once(): Failed opening required '../vendor/autoload.php' (include_path='.:/usr/local/lib/php') in /var/www/html/config/bootstrap.php on line 5
[19-Feb-2022 07:00:59 America/Bogota] PHP Warning:  require_once(../vendor/autoload.php): failed to open stream: No such file or directory in /var/www/html/config/bootstrap.php on line 5
[19-Feb-2022 07:00:59 America/Bogota] PHP Fatal error:  require_once(): Failed opening required '../vendor/autoload.php' (include_path='.:/usr/local/lib/php') in /var/www/html/config/bootstrap.php on line 5
[19-Feb-2022 07:01:00 America/Bogota] PHP Warning:  require_once(../vendor/autoload.php): failed to open stream: No such file or directory in /var/www/html/config/bootstrap.php on line 5
[19-Feb-2022 07:01:00 America/Bogota] PHP Fatal error:  require_once(): Failed opening required '../vendor/autoload.php' (include_path='.:/usr/local/lib/php') in /var/www/html/config/bootstrap.php on line 5
[19-Feb-2022 07:01:02 America/Bogota] PHP Warning:  require_once(../vendor/autoload.php): failed to open stream: No such file or directory in /var/www/html/config/bootstrap.php on line 5
[19-Feb-2022 07:01:02 America/Bogota] PHP Fatal error:  require_once(): Failed opening required '../vendor/autoload.php' (include_path='.:/usr/local/lib/php') in /var/www/html/config/bootstrap.php on line 5
[19-Feb-2022 07:02:00 America/Bogota] PHP Warning:  require_once(../vendor/autoload.php): failed to open stream: No such file or directory in /var/www/html/config/bootstrap.php on line 5
[19-Feb-2022 07:02:00 America/Bogota] PHP Fatal error:  require_once(): Failed opening required '../vendor/autoload.php' (include_path='.:/usr/local/lib/php') in /var/www/html/config/bootstrap.php on line 5
[19-Feb-2022 07:03:46 America/Bogota] PHP Warning:  require_once(../vendor/autoload.php): failed to open stream: No such file or directory in /var/www/html/config/bootstrap.php on line 5
[19-Feb-2022 07:03:46 America/Bogota] PHP Fatal error:  require_once(): Failed opening required '../vendor/autoload.php' (include_path='.:/usr/local/lib/php') in /var/www/html/config/bootstrap.php on line 5
[19-Feb-2022 07:04:13 America/Bogota] PHP Warning:  require_once(../vendor/autoload.php): failed to open stream: No such file or directory in /var/www/html/config/bootstrap.php on line 5
[19-Feb-2022 07:04:13 America/Bogota] PHP Fatal error:  require_once(): Failed opening required '../vendor/autoload.php' (include_path='.:/usr/local/lib/php') in /var/www/html/config/bootstrap.php on line 5
[19-Feb-2022 07:04:39 America/Bogota] PHP Warning:  require_once(../vendor/autoload.php): failed to open stream: No such file or directory in /var/www/html/config/bootstrap.php on line 5
[19-Feb-2022 07:04:39 America/Bogota] PHP Fatal error:  require_once(): Failed opening required '../vendor/autoload.php' (include_path='.:/usr/local/lib/php') in /var/www/html/config/bootstrap.php on line 5
[19-Feb-2022 07:05:19 America/Bogota] PHP Warning:  require_once(../vendor/autoload.php): failed to open stream: No such file or directory in /var/www/html/config/bootstrap.php on line 5
[19-Feb-2022 07:05:19 America/Bogota] PHP Fatal error:  require_once(): Failed opening required '../vendor/autoload.php' (include_path='.:/usr/local/lib/php') in /var/www/html/config/bootstrap.php on line 5
[19-Feb-2022 07:05:19 America/Bogota] PHP Warning:  require_once(../vendor/autoload.php): failed to open stream: No such file or directory in /var/www/html/config/bootstrap.php on line 5
[19-Feb-2022 07:05:19 America/Bogota] PHP Fatal error:  require_once(): Failed opening required '../vendor/autoload.php' (include_path='.:/usr/local/lib/php') in /var/www/html/config/bootstrap.php on line 5
[19-Feb-2022 07:05:25 America/Bogota] PHP Warning:  require_once(../vendor/autoload.php): failed to open stream: No such file or directory in /var/www/html/config/bootstrap.php on line 5
[19-Feb-2022 07:05:25 America/Bogota] PHP Fatal error:  require_once(): Failed opening required '../vendor/autoload.php' (include_path='.:/usr/local/lib/php') in /var/www/html/config/bootstrap.php on line 5
[19-Feb-2022 07:05:25 America/Bogota] PHP Warning:  require_once(../vendor/autoload.php): failed to open stream: No such file or directory in /var/www/html/config/bootstrap.php on line 5
[19-Feb-2022 07:05:25 America/Bogota] PHP Fatal error:  require_once(): Failed opening required '../vendor/autoload.php' (include_path='.:/usr/local/lib/php') in /var/www/html/config/bootstrap.php on line 5
[19-Feb-2022 07:06:05 America/Bogota] PHP Warning:  require_once(../vendor/autoload.php): failed to open stream: No such file or directory in /var/www/html/config/bootstrap.php on line 5
[19-Feb-2022 07:06:05 America/Bogota] PHP Fatal error:  require_once(): Failed opening required '../vendor/autoload.php' (include_path='.:/usr/local/lib/php') in /var/www/html/config/bootstrap.php on line 5
[19-Feb-2022 07:06:07 America/Bogota] PHP Warning:  require_once(../vendor/autoload.php): failed to open stream: No such file or directory in /var/www/html/config/bootstrap.php on line 5
[19-Feb-2022 07:06:07 America/Bogota] PHP Fatal error:  require_once(): Failed opening required '../vendor/autoload.php' (include_path='.:/usr/local/lib/php') in /var/www/html/config/bootstrap.php on line 5
[19-Feb-2022 07:06:07 America/Bogota] PHP Warning:  require_once(../vendor/autoload.php): failed to open stream: No such file or directory in /var/www/html/config/bootstrap.php on line 5
[19-Feb-2022 07:06:07 America/Bogota] PHP Fatal error:  require_once(): Failed opening required '../vendor/autoload.php' (include_path='.:/usr/local/lib/php') in /var/www/html/config/bootstrap.php on line 5
[19-Feb-2022 07:06:08 America/Bogota] PHP Warning:  require_once(../vendor/autoload.php): failed to open stream: No such file or directory in /var/www/html/config/bootstrap.php on line 5
[19-Feb-2022 07:06:08 America/Bogota] PHP Fatal error:  require_once(): Failed opening required '../vendor/autoload.php' (include_path='.:/usr/local/lib/php') in /var/www/html/config/bootstrap.php on line 5
[19-Feb-2022 07:07:33 America/Bogota] PHP Warning:  require_once(../vendor/autoload.php): failed to open stream: No such file or directory in /var/www/html/config/bootstrap.php on line 5
[19-Feb-2022 07:07:33 America/Bogota] PHP Fatal error:  require_once(): Failed opening required '../vendor/autoload.php' (include_path='.:/usr/local/lib/php') in /var/www/html/config/bootstrap.php on line 5
[19-Feb-2022 07:07:34 America/Bogota] PHP Warning:  require_once(../vendor/autoload.php): failed to open stream: No such file or directory in /var/www/html/config/bootstrap.php on line 5
[19-Feb-2022 07:07:34 America/Bogota] PHP Fatal error:  require_once(): Failed opening required '../vendor/autoload.php' (include_path='.:/usr/local/lib/php') in /var/www/html/config/bootstrap.php on line 5
[19-Feb-2022 07:07:35 America/Bogota] PHP Warning:  require_once(../vendor/autoload.php): failed to open stream: No such file or directory in /var/www/html/config/bootstrap.php on line 5
[19-Feb-2022 07:07:35 America/Bogota] PHP Fatal error:  require_once(): Failed opening required '../vendor/autoload.php' (include_path='.:/usr/local/lib/php') in /var/www/html/config/bootstrap.php on line 5
[19-Feb-2022 07:07:35 America/Bogota] PHP Warning:  require_once(../vendor/autoload.php): failed to open stream: No such file or directory in /var/www/html/config/bootstrap.php on line 5
[19-Feb-2022 07:07:35 America/Bogota] PHP Fatal error:  require_once(): Failed opening required '../vendor/autoload.php' (include_path='.:/usr/local/lib/php') in /var/www/html/config/bootstrap.php on line 5
[19-Feb-2022 07:07:36 America/Bogota] PHP Warning:  require_once(../vendor/autoload.php): failed to open stream: No such file or directory in /var/www/html/config/bootstrap.php on line 5
[19-Feb-2022 07:07:36 America/Bogota] PHP Fatal error:  require_once(): Failed opening required '../vendor/autoload.php' (include_path='.:/usr/local/lib/php') in /var/www/html/config/bootstrap.php on line 5
[19-Feb-2022 07:11:47 America/Bogota] PHP Warning:  require_once(../vendor/autoload.php): failed to open stream: No such file or directory in /var/www/html/config/bootstrap.php on line 5
[19-Feb-2022 07:11:47 America/Bogota] PHP Fatal error:  require_once(): Failed opening required '../vendor/autoload.php' (include_path='.:/usr/local/lib/php') in /var/www/html/config/bootstrap.php on line 5
[19-Feb-2022 07:13:42 America/Bogota] PHP Warning:  require_once(../vendor/autoload.php): failed to open stream: No such file or directory in /var/www/html/config/bootstrap.php on line 5
[19-Feb-2022 07:13:42 America/Bogota] PHP Fatal error:  require_once(): Failed opening required '../vendor/autoload.php' (include_path='.:/usr/local/lib/php') in /var/www/html/config/bootstrap.php on line 5
[19-Feb-2022 07:14:27 America/Bogota] PHP Warning:  require_once(../vendor/autoload.php): failed to open stream: No such file or directory in /var/www/html/config/bootstrap.php on line 5
[19-Feb-2022 07:14:27 America/Bogota] PHP Fatal error:  require_once(): Failed opening required '../vendor/autoload.php' (include_path='.:/usr/local/lib/php') in /var/www/html/config/bootstrap.php on line 5
[19-Feb-2022 07:14:47 America/Bogota] PHP Warning:  require_once(../vendor/autoload.php): failed to open stream: No such file or directory in /var/www/html/config/bootstrap.php on line 5
[19-Feb-2022 07:14:47 America/Bogota] PHP Fatal error:  require_once(): Failed opening required '../vendor/autoload.php' (include_path='.:/usr/local/lib/php') in /var/www/html/config/bootstrap.php on line 5
[19-Feb-2022 07:15:04 America/Bogota] PHP Warning:  require_once(../vendor/autoload.php): failed to open stream: No such file or directory in /var/www/html/config/bootstrap.php on line 5
[19-Feb-2022 07:15:04 America/Bogota] PHP Fatal error:  require_once(): Failed opening required '../vendor/autoload.php' (include_path='.:/usr/local/lib/php') in /var/www/html/config/bootstrap.php on line 5
[19-Feb-2022 07:15:50 America/Bogota] PHP Warning:  require_once(vendor/autoload.php): failed to open stream: No such file or directory in /var/www/html/config/bootstrap.php on line 5
[19-Feb-2022 07:15:50 America/Bogota] PHP Fatal error:  require_once(): Failed opening required 'vendor/autoload.php' (include_path='.:/usr/local/lib/php') in /var/www/html/config/bootstrap.php on line 5
[19-Feb-2022 07:16:10 America/Bogota] PHP Warning:  require_once(/var/www/html/config/vendor/autoload.php): failed to open stream: No such file or directory in /var/www/html/config/bootstrap.php on line 5
[19-Feb-2022 07:16:10 America/Bogota] PHP Fatal error:  require_once(): Failed opening required '/var/www/html/config/vendor/autoload.php' (include_path='.:/usr/local/lib/php') in /var/www/html/config/bootstrap.php on line 5
[19-Feb-2022 07:16:17 America/Bogota] PHP Warning:  require_once(/var/www/html/config../vendor/autoload.php): failed to open stream: No such file or directory in /var/www/html/config/bootstrap.php on line 5
[19-Feb-2022 07:16:17 America/Bogota] PHP Fatal error:  require_once(): Failed opening required '/var/www/html/config../vendor/autoload.php' (include_path='.:/usr/local/lib/php') in /var/www/html/config/bootstrap.php on line 5
[19-Feb-2022 07:16:17 America/Bogota] PHP Warning:  require_once(/var/www/html/config../vendor/autoload.php): failed to open stream: No such file or directory in /var/www/html/config/bootstrap.php on line 5
[19-Feb-2022 07:16:17 America/Bogota] PHP Fatal error:  require_once(): Failed opening required '/var/www/html/config../vendor/autoload.php' (include_path='.:/usr/local/lib/php') in /var/www/html/config/bootstrap.php on line 5
[19-Feb-2022 07:16:22 America/Bogota] PHP Fatal error:  Composer detected issues in your platform: Your Composer dependencies require a PHP version ">= 8.0.2". You are running 7.3.33. in /var/www/html/vendor/composer/platform_check.php on line 24
[19-Feb-2022 07:16:23 America/Bogota] PHP Fatal error:  Composer detected issues in your platform: Your Composer dependencies require a PHP version ">= 8.0.2". You are running 7.3.33. in /var/www/html/vendor/composer/platform_check.php on line 24
[19-Feb-2022 07:16:24 America/Bogota] PHP Fatal error:  Composer detected issues in your platform: Your Composer dependencies require a PHP version ">= 8.0.2". You are running 7.3.33. in /var/www/html/vendor/composer/platform_check.php on line 24
[19-Feb-2022 07:17:25 America/Bogota] PHP Parse error:  syntax error, unexpected '?', expecting function (T_FUNCTION) or const (T_CONST) in /var/www/html/vendor/psr/log/src/LoggerAwareTrait.php on line 15
[19-Feb-2022 07:19:58 America/Bogota] PHP Parse error:  syntax error, unexpected '?', expecting function (T_FUNCTION) or const (T_CONST) in /var/www/html/vendor/psr/log/src/LoggerAwareTrait.php on line 15
[19-Feb-2022 07:27:07 America/Bogota] PHP Parse error:  syntax error, unexpected '?', expecting function (T_FUNCTION) or const (T_CONST) in /var/www/html/vendor/psr/log/src/LoggerAwareTrait.php on line 15
